2025-10-30 16:35:21,946 - INFO - ✅ Logger inicializado: logs/log_process_data_rsna.log
2025-10-30 16:35:21,946 - INFO - ✅ Registro de métricas inicializado: logs/log_metrics_rsna.json
2025-10-30 16:35:21,946 - INFO - ✅ Método de inicio de multiprocessing configurado a 'spawn'
2025-10-30 16:35:22,032 - INFO - Usando dispositivo: cuda:0
2025-10-30 16:35:22,033 - INFO - ¿CUDA disponible?: True
2025-10-30 16:35:22,061 - INFO - GPU: NVIDIA GeForce RTX 5070 Ti, Memoria total: 17.09 GB
2025-10-30 16:35:22,062 - INFO - Memoria GPU disponible: 17.09 GB
2025-10-30 16:35:22,062 - INFO - PyTorch version: 2.8.0+cu128
2025-10-30 16:35:22,062 - INFO - CUDA version: 12.8
2025-10-30 16:35:22,062 - INFO - Device capability: (12, 0)
2025-10-30 16:35:22,067 - INFO - INICIANDO PRUEBA DEL PIPELINE: CNN-TEP DETECTION
2025-10-30 16:35:22,067 - INFO - PROCESANDO DATOS DE ENTRENAMIENTO RSNA
2025-10-30 16:35:22,067 - INFO - PROCESANDO DATOS DE ENTRENAMIENTO HUCSR
2025-10-30 16:35:22,067 - INFO - PROCESANDO FINE-TUNNING DE HUCSR HACIA RSNA MODEL
2025-10-30 16:35:22,067 - INFO - GENERANDO INFERENCIA DE TEP EN PACIENTES HUCSR
2025-10-30 16:44:43,473 - INFO - ✅ Logger inicializado: logs/log_process_data_rsna.log
2025-10-30 16:44:43,474 - INFO - ✅ Registro de métricas inicializado: logs/log_metrics_rsna.json
2025-10-30 16:44:43,474 - INFO - ✅ Método de inicio de multiprocessing configurado a 'spawn'
2025-10-30 16:44:43,553 - INFO - Usando dispositivo: cuda:0
2025-10-30 16:44:43,554 - INFO - ¿CUDA disponible?: True
2025-10-30 16:44:43,581 - INFO - GPU: NVIDIA GeForce RTX 5070 Ti, Memoria total: 17.09 GB
2025-10-30 16:44:43,581 - INFO - Memoria GPU disponible: 17.09 GB
2025-10-30 16:44:43,582 - INFO - PyTorch version: 2.8.0+cu128
2025-10-30 16:44:43,582 - INFO - CUDA version: 12.8
2025-10-30 16:44:43,582 - INFO - Device capability: (12, 0)
2025-10-30 16:44:43,587 - INFO - INICIANDO PRUEBA DEL PIPELINE: CNN-TEP DETECTION
2025-10-30 16:44:43,587 - INFO - PROCESANDO DATOS DE ENTRENAMIENTO RSNA
2025-10-30 16:44:43,587 - INFO - PROCESANDO DATOS DE ENTRENAMIENTO HUCSR
2025-10-30 16:44:43,587 - INFO - PROCESANDO FINE-TUNNING DE HUCSR HACIA RSNA MODEL
2025-10-30 16:44:43,587 - INFO - GENERANDO INFERENCIA DE TEP EN PACIENTES HUCSR
